<?xml version="1.0" encoding="UTF-8"?>
<!-- Generated by org.testng.reporters.JUnitXMLReporter -->
<testsuite hostname="qainfotech-H81M-S" name="Default test" tests="3" failures="0" timestamp="14 Jun 2019 09:11:07 GMT" time="25.62" errors="0">
  <testcase name="loginPageTitleTest" time="0.01" classname="com.crm.qa.testcases.LoginPageTest"/>
  <testcase name="crmLogoImageTest" time="0.234" classname="com.crm.qa.testcases.LoginPageTest"/>
  <testcase name="loginTest" time="4.678" classname="com.crm.qa.testcases.LoginPageTest"/>
</testsuite> <!-- Default test -->
