<?xml version="1.0" encoding="UTF-8"?>
<testng-results skipped="0" failed="0" total="3" passed="3">
  <reporter-output>
  </reporter-output>
  <suite name="Default suite" duration-ms="25620" started-at="2019-06-14T09:10:41Z" finished-at="2019-06-14T09:11:07Z">
    <groups>
    </groups>
    <test name="Default test" duration-ms="25620" started-at="2019-06-14T09:10:41Z" finished-at="2019-06-14T09:11:07Z">
      <class name="com.crm.qa.testcases.LoginPageTest">
        <test-method status="PASS" signature="setUp()[pri:0, instance:com.crm.qa.testcases.LoginPageTest@725bef66]" name="setUp" is-config="true" duration-ms="7220" started-at="2019-06-14T14:40:41Z" finished-at="2019-06-14T14:40:48Z">
          <reporter-output>
          </reporter-output>
        </test-method> <!-- setUp -->
        <test-method status="PASS" signature="loginPageTitleTest()[pri:0, instance:com.crm.qa.testcases.LoginPageTest@725bef66]" name="loginPageTitleTest" duration-ms="10" started-at="2019-06-14T14:40:48Z" finished-at="2019-06-14T14:40:48Z">
          <reporter-output>
          </reporter-output>
        </test-method> <!-- loginPageTitleTest -->
        <test-method status="PASS" signature="tearDown()[pri:0, instance:com.crm.qa.testcases.LoginPageTest@725bef66]" name="tearDown" is-config="true" duration-ms="73" started-at="2019-06-14T14:40:48Z" finished-at="2019-06-14T14:40:48Z">
          <reporter-output>
          </reporter-output>
        </test-method> <!-- tearDown -->
        <test-method status="PASS" signature="setUp()[pri:0, instance:com.crm.qa.testcases.LoginPageTest@725bef66]" name="setUp" is-config="true" duration-ms="6600" started-at="2019-06-14T14:40:48Z" finished-at="2019-06-14T14:40:55Z">
          <reporter-output>
          </reporter-output>
        </test-method> <!-- setUp -->
        <test-method status="PASS" signature="crmLogoImageTest()[pri:0, instance:com.crm.qa.testcases.LoginPageTest@725bef66]" name="crmLogoImageTest" duration-ms="234" started-at="2019-06-14T14:40:55Z" finished-at="2019-06-14T14:40:55Z">
          <reporter-output>
          </reporter-output>
        </test-method> <!-- crmLogoImageTest -->
        <test-method status="PASS" signature="tearDown()[pri:0, instance:com.crm.qa.testcases.LoginPageTest@725bef66]" name="tearDown" is-config="true" duration-ms="120" started-at="2019-06-14T14:40:55Z" finished-at="2019-06-14T14:40:55Z">
          <reporter-output>
          </reporter-output>
        </test-method> <!-- tearDown -->
        <test-method status="PASS" signature="setUp()[pri:0, instance:com.crm.qa.testcases.LoginPageTest@725bef66]" name="setUp" is-config="true" duration-ms="6603" started-at="2019-06-14T14:40:55Z" finished-at="2019-06-14T14:41:02Z">
          <reporter-output>
          </reporter-output>
        </test-method> <!-- setUp -->
        <test-method status="PASS" signature="loginTest()[pri:0, instance:com.crm.qa.testcases.LoginPageTest@725bef66]" name="loginTest" duration-ms="4678" started-at="2019-06-14T14:41:02Z" finished-at="2019-06-14T14:41:06Z">
          <reporter-output>
          </reporter-output>
        </test-method> <!-- loginTest -->
        <test-method status="PASS" signature="tearDown()[pri:0, instance:com.crm.qa.testcases.LoginPageTest@725bef66]" name="tearDown" is-config="true" duration-ms="71" started-at="2019-06-14T14:41:06Z" finished-at="2019-06-14T14:41:07Z">
          <reporter-output>
          </reporter-output>
        </test-method> <!-- tearDown -->
      </class> <!-- com.crm.qa.testcases.LoginPageTest -->
    </test> <!-- Default test -->
  </suite> <!-- Default suite -->
</testng-results>
